01/Jun/2023 01:30:08  
                      Solver started at: 01:30 AM Thursday, 01. June 2023 (Türkiye Standart Saati)
                      
                        Module:  Port Modes (Win 64)
                        Version: 2022.4 Release from 2022-04-26 (change 967892)
                      

                      ------------------------------------------------------------------------------

                      ------------------------------------------------------------------------------
01/Jun/2023 01:30:08  ======================================================================
                       Port mode calculation
                      ======================================================================
                      
                      
                      
                      ------------------------------------------------------------------------------
01/Jun/2023 01:30:08  Units settings: 
                      
                        Dimensions: mm
                        Frequency:  GHz
                        Time:       ns
                      
                      ------------------------------------------------------------------------------
01/Jun/2023 01:30:12  Mesh statistics:
                      
                         Hexahedral mesh type: PERFECT BOUNDARY APPROXIMATION (PBA) (R)
                            Version: default
                      
                         Parallelization type: none
                      
                         Used point accuracy enhancement value: 75.00%.
                         Acceleration mode: CPU

01/Jun/2023 01:30:12  Boundary conditions: 
                      
                        YZsymmetry: none
                        XZsymmetry: none
                        XYsymmetry: none
                      
                        Xmin: expanded open
                        Xmax: expanded open
                      
                        Ymin: expanded open
                        Ymax: expanded open
                      
                        Zmin: expanded open
                        Zmax: expanded open
                      
                        PML-Type: Convolution PML
                      
                      ------------------------------------------------------------------------------
01/Jun/2023 01:30:12  Frequency settings: 
                      
                        Fmin:         8
                        Fmax:         15
                        Nfsteps(lin): 1001
                      
                      ------------------------------------------------------------------------------
01/Jun/2023 01:30:13  Waveguide boundaries:
                      
01/Jun/2023 01:30:13  Port: 1
                      
01/Jun/2023 01:30:13    -------------------------------- F-Calc 14 ---------------------------------
                        Port   Mode   Type        Z-Wave        Z-Wave-Sigma  Z-Line        F-Cutoff
                        1      1      TE          427           8.46e-006     ---           6.554
                        1      2      TE          1.06e+003     2.38e-005     ---           13.08
                        1      3      TE          1.13e+003     2.20e-005     ---           14.76
                        1      4      TE          656           2.47e-005     ---           16.15
                        1      5      TM          217           1.24e-005     ---           16.15
                        ----------------------------------------------------------------------------
                      
01/Jun/2023 01:30:14  
                      --------------------------------------------------------------------------------
01/Jun/2023 01:30:14  Solver Statistics:
                      
                        Number of mesh cells:             	1377 
                        Matrix calculation time:          	3      	s
                      
                      ------------------------------------------------------------------------------
01/Jun/2023 01:30:14    Total port mode calculation time:    	5      	s
                      
                      ------------------------------------------------------------------------------
01/Jun/2023 01:30:14  Solver finished at: 01:30 AM Thursday, 01. June 2023
                      
                      
                      
                      ------------------------------------------------------------------------------
